2026-01-30 00:00:26.678 [http-nio-8080-exec-10] WARN  o.s.w.s.m.m.a.ExceptionHandlerExceptionResolver - Resolved [org.springframework.web.bind.MethodArgumentNotValidException: Validation failed for argument [1] in public org.springframework.http.ResponseEntity<com.berkdagli.sowa.dto.UserResponseDto> com.berkdagli.sowa.controller.UserController.register(java.lang.String,com.berkdagli.sowa.dto.UserRegisterDto) with 2 errors: [Field error in object 'userRegisterDto' on field 'password': rejected value [password123]; codes [StrongPassword.userRegisterDto.password,StrongPassword.password,StrongPassword.java.lang.String,StrongPassword]; arguments [org.springframework.context.support.DefaultMessageSourceResolvable: codes [userRegisterDto.password,password]; arguments []; default message [password]]; default message [Password must contain at least one uppercase letter]] [Field error in object 'userRegisterDto' on field 'password': rejected value [password123]; codes [StrongPassword.userRegisterDto.password,StrongPassword.password,StrongPassword.java.lang.String,StrongPassword]; arguments [org.springframework.context.support.DefaultMessageSourceResolvable: codes [userRegisterDto.password,password]; arguments []; default message [password]]; default message [Password must contain at least one special character (@#$%^&+=!)]] ]
2026-01-30 00:02:05.452 [http-nio-8080-exec-9] WARN  c.b.s.s.CustomAuthenticationFailureHandler - Failed login attempt. Username: 'sowa@example.com', IP: '0:0:0:0:0:0:0:1', User-Agent: 'Mozilla/5.0 (Windows NT 10.0; Win64; x64) AppleWebKit/537.36 (KHTML, like Gecko) Chrome/144.0.0.0 Safari/537.36', Reason: Bad credentials
2026-01-30 00:03:38.717 [http-nio-8080-exec-3] WARN  c.b.s.s.CustomAuthenticationEntryPoint - Unauthenticated access attempt (401). Resource: '/notes', IP: '0:0:0:0:0:0:0:1', Msg: Full authentication is required to access this resource
2026-01-30 00:03:45.832 [http-nio-8080-exec-10] WARN  c.b.s.s.CustomAuthenticationEntryPoint - Unauthenticated access attempt (401). Resource: '/notes', IP: '0:0:0:0:0:0:0:1', Msg: Full authentication is required to access this resource
2026-01-30 00:04:32.785 [http-nio-8080-exec-3] WARN  c.b.s.s.CustomAccessDeniedHandler - Unauthorized access attempt (403). User: 'sowa@example.com', Resource: '/admin', IP: '0:0:0:0:0:0:0:1'
2026-01-30 00:07:24.423 [http-nio-8080-exec-10] WARN  o.s.w.s.m.m.a.ExceptionHandlerExceptionResolver - Resolved [org.springframework.web.servlet.resource.NoResourceFoundException: No static resource  for request '/'.]
2026-01-30 00:07:31.484 [http-nio-8080-exec-4] WARN  o.s.w.s.m.m.a.ExceptionHandlerExceptionResolver - Resolved [org.springframework.web.servlet.resource.NoResourceFoundException: No static resource  for request '/'.]
2026-01-30 00:07:40.685 [http-nio-8080-exec-7] WARN  o.s.w.s.m.m.a.ExceptionHandlerExceptionResolver - Resolved [org.springframework.web.servlet.resource.NoResourceFoundException: No static resource  for request '/'.]
2026-01-30 00:07:41.557 [http-nio-8080-exec-1] WARN  o.s.w.s.m.m.a.ExceptionHandlerExceptionResolver - Resolved [org.springframework.web.servlet.resource.NoResourceFoundException: No static resource  for request '/'.]
2026-01-30 00:07:53.490 [http-nio-8080-exec-9] WARN  o.s.w.s.m.m.a.ExceptionHandlerExceptionResolver - Resolved [org.springframework.web.servlet.resource.NoResourceFoundException: No static resource  for request '/'.]
2026-01-30 00:08:50.803 [http-nio-8080-exec-3] WARN  c.berkdagli.sowa.service.NoteService - Unauthorized note access attempt. User: 'csrf@example.com' tried to access Note ID: '24' owned by User: 'sowa@example.com'
2026-01-30 00:09:22.355 [http-nio-8080-exec-8] WARN  c.berkdagli.sowa.service.NoteService - Unauthorized note access attempt. User: 'sowa@example.com' tried to access Note ID: '6' owned by User: 'csrf@example.com'
2026-01-30 00:09:31.138 [http-nio-8080-exec-9] WARN  o.s.w.s.m.m.a.ExceptionHandlerExceptionResolver - Resolved [org.springframework.web.method.annotation.MethodArgumentTypeMismatchException: Method parameter 'id': Failed to convert value of type 'java.lang.String' to required type 'java.lang.Long'; For input string: "asdb"]
2026-01-30 00:13:12.737 [http-nio-8080-exec-1] WARN  c.b.s.s.CustomAuthenticationEntryPoint - Unauthenticated access attempt (401). Resource: '/notes', IP: '0:0:0:0:0:0:0:1', Msg: Full authentication is required to access this resource
2026-01-30 00:15:04.531 [Test worker] INFO  c.b.sowa.SowaApplicationTests - Starting SowaApplicationTests using Java 17.0.17 with PID 36968 (started by kucuk in D:\!lab works\semester_5\SOWA Ruslana\lab10\SOWA)
2026-01-30 00:15:04.531 [Test worker] INFO  c.b.sowa.SowaApplicationTests - No active profile set, falling back to 1 default profile: "default"
2026-01-30 00:15:05.245 [Test worker] INFO  o.s.d.r.c.RepositoryConfigurationDelegate - Bootstrapping Spring Data JPA repositories in DEFAULT mode.
2026-01-30 00:15:05.299 [Test worker] INFO  o.s.d.r.c.RepositoryConfigurationDelegate - Finished Spring Data repository scanning in 39 ms. Found 2 JPA repository interfaces.
2026-01-30 00:15:06.077 [Test worker] INFO  com.zaxxer.hikari.HikariDataSource - HikariPool-1 - Starting...
2026-01-30 00:15:06.237 [Test worker] INFO  com.zaxxer.hikari.pool.HikariPool - HikariPool-1 - Added connection org.sqlite.jdbc4.JDBC4Connection@1be52113
2026-01-30 00:15:06.239 [Test worker] INFO  com.zaxxer.hikari.HikariDataSource - HikariPool-1 - Start completed.
2026-01-30 00:15:06.252 [Test worker] INFO  org.flywaydb.core.FlywayExecutor - Database: jdbc:sqlite:sowa.db (SQLite 3.47)
2026-01-30 00:15:06.292 [Test worker] INFO  o.f.core.internal.command.DbValidate - Successfully validated 2 migrations (execution time 00:00.018s)
2026-01-30 00:15:06.296 [Test worker] INFO  o.f.core.internal.command.DbMigrate - Current version of schema "main": 2
2026-01-30 00:15:06.298 [Test worker] INFO  o.f.core.internal.command.DbMigrate - Schema "main" is up to date. No migration necessary.
2026-01-30 00:15:06.392 [Test worker] INFO  o.h.jpa.internal.util.LogHelper - HHH000204: Processing PersistenceUnitInfo [name: default]
2026-01-30 00:15:06.450 [Test worker] INFO  org.hibernate.Version - HHH000412: Hibernate ORM core version 7.1.8.Final
2026-01-30 00:15:06.801 [Test worker] INFO  o.s.o.j.p.SpringPersistenceUnitInfo - No LoadTimeWeaver setup: ignoring JPA class transformer
2026-01-30 00:15:06.858 [Test worker] INFO  o.hibernate.orm.connections.pooling - HHH10001005: Database info:
	Database JDBC URL [jdbc:sqlite:sowa.db]
	Database driver: SQLite JDBC
	Database dialect: SQLiteDialect
	Database version: 3.47.1
	Default catalog/schema: undefined/undefined
	Autocommit mode: undefined/unknown
	Isolation level: SERIALIZABLE [default SERIALIZABLE]
	JDBC fetch size: none
	Pool: DatasourceConnectionProviderImpl
	Minimum pool size: undefined/unknown
	Maximum pool size: undefined/unknown
2026-01-30 00:15:07.434 [Test worker] INFO  o.h.e.t.j.p.i.JtaPlatformInitiator - HHH000489: No JTA platform available (set 'hibernate.transaction.jta.platform' to enable JTA platform integration)
2026-01-30 00:15:07.461 [Test worker] INFO  o.s.o.j.LocalContainerEntityManagerFactoryBean - Initialized JPA EntityManagerFactory for persistence unit 'default'
2026-01-30 00:15:07.532 [Test worker] INFO  o.s.d.j.r.q.QueryEnhancerFactories - Hibernate is in classpath; If applicable, HQL parser will be used.
2026-01-30 00:15:07.787 [Test worker] WARN  o.s.b.j.a.JpaBaseConfiguration$JpaWebConfiguration - spring.jpa.open-in-view is enabled by default. Therefore, database queries may be performed during view rendering. Explicitly configure spring.jpa.open-in-view to disable this warning
2026-01-30 00:15:07.909 [Test worker] INFO  o.s.s.c.a.a.c.InitializeUserDetailsBeanManagerConfigurer$InitializeUserDetailsManagerConfigurer - Global AuthenticationManager configured with UserDetailsService bean with name userService
2026-01-30 00:15:08.624 [Test worker] INFO  o.s.b.a.e.web.EndpointLinksResolver - Exposing 1 endpoint beneath base path '/actuator'
2026-01-30 00:15:08.709 [Test worker] INFO  c.b.sowa.SowaApplicationTests - Started SowaApplicationTests in 4.474 seconds (process running for 5.676)
2026-01-30 00:15:09.607 [Test worker] WARN  c.berkdagli.sowa.service.NoteService - Unauthorized note access attempt. User: 'test@example.com' tried to access Note ID: '20' owned by User: 'other@example.com'
2026-01-30 00:15:09.744 [SpringApplicationShutdownHook] INFO  o.s.o.j.LocalContainerEntityManagerFactoryBean - Closing JPA EntityManagerFactory for persistence unit 'default'
2026-01-30 00:15:09.750 [SpringApplicationShutdownHook] INFO  com.zaxxer.hikari.HikariDataSource - HikariPool-1 - Shutdown initiated...
2026-01-30 00:15:09.756 [SpringApplicationShutdownHook] INFO  com.zaxxer.hikari.HikariDataSource - HikariPool-1 - Shutdown completed.
2026-01-30 00:16:04.660 [SpringApplicationShutdownHook] INFO  o.s.boot.tomcat.GracefulShutdown - Commencing graceful shutdown. Waiting for active requests to complete
2026-01-30 00:16:04.697 [tomcat-shutdown] INFO  o.s.boot.tomcat.GracefulShutdown - Graceful shutdown complete
2026-01-30 00:16:04.702 [SpringApplicationShutdownHook] INFO  o.s.o.j.LocalContainerEntityManagerFactoryBean - Closing JPA EntityManagerFactory for persistence unit 'default'
2026-01-30 00:16:04.704 [SpringApplicationShutdownHook] INFO  com.zaxxer.hikari.HikariDataSource - HikariPool-1 - Shutdown initiated...
2026-01-30 00:16:04.706 [SpringApplicationShutdownHook] INFO  com.zaxxer.hikari.HikariDataSource - HikariPool-1 - Shutdown completed.
2026-01-30 00:19:12.673 [Test worker] INFO  c.b.sowa.SowaApplicationTests - Starting SowaApplicationTests using Java 17.0.17 with PID 45216 (started by kucuk in D:\!lab works\semester_5\SOWA Ruslana\lab10\SOWA)
2026-01-30 00:19:12.674 [Test worker] INFO  c.b.sowa.SowaApplicationTests - No active profile set, falling back to 1 default profile: "default"
2026-01-30 00:19:13.414 [Test worker] INFO  o.s.d.r.c.RepositoryConfigurationDelegate - Bootstrapping Spring Data JPA repositories in DEFAULT mode.
2026-01-30 00:19:13.464 [Test worker] INFO  o.s.d.r.c.RepositoryConfigurationDelegate - Finished Spring Data repository scanning in 36 ms. Found 2 JPA repository interfaces.
2026-01-30 00:19:14.244 [Test worker] INFO  com.zaxxer.hikari.HikariDataSource - HikariPool-1 - Starting...
2026-01-30 00:19:14.405 [Test worker] INFO  com.zaxxer.hikari.pool.HikariPool - HikariPool-1 - Added connection org.sqlite.jdbc4.JDBC4Connection@40b01718
2026-01-30 00:19:14.406 [Test worker] INFO  com.zaxxer.hikari.HikariDataSource - HikariPool-1 - Start completed.
2026-01-30 00:19:14.423 [Test worker] INFO  org.flywaydb.core.FlywayExecutor - Database: jdbc:sqlite:sowa.db (SQLite 3.47)
2026-01-30 00:19:14.462 [Test worker] INFO  o.f.core.internal.command.DbValidate - Successfully validated 2 migrations (execution time 00:00.018s)
2026-01-30 00:19:14.466 [Test worker] INFO  o.f.core.internal.command.DbMigrate - Current version of schema "main": 2
2026-01-30 00:19:14.469 [Test worker] INFO  o.f.core.internal.command.DbMigrate - Schema "main" is up to date. No migration necessary.
2026-01-30 00:19:14.579 [Test worker] INFO  o.h.jpa.internal.util.LogHelper - HHH000204: Processing PersistenceUnitInfo [name: default]
2026-01-30 00:19:14.660 [Test worker] INFO  org.hibernate.Version - HHH000412: Hibernate ORM core version 7.1.8.Final
2026-01-30 00:19:14.996 [Test worker] INFO  o.s.o.j.p.SpringPersistenceUnitInfo - No LoadTimeWeaver setup: ignoring JPA class transformer
2026-01-30 00:19:15.043 [Test worker] INFO  o.hibernate.orm.connections.pooling - HHH10001005: Database info:
	Database JDBC URL [jdbc:sqlite:sowa.db]
	Database driver: SQLite JDBC
	Database dialect: SQLiteDialect
	Database version: 3.47.1
	Default catalog/schema: undefined/undefined
	Autocommit mode: undefined/unknown
	Isolation level: SERIALIZABLE [default SERIALIZABLE]
	JDBC fetch size: none
	Pool: DatasourceConnectionProviderImpl
	Minimum pool size: undefined/unknown
	Maximum pool size: undefined/unknown
2026-01-30 00:19:15.637 [Test worker] INFO  o.h.e.t.j.p.i.JtaPlatformInitiator - HHH000489: No JTA platform available (set 'hibernate.transaction.jta.platform' to enable JTA platform integration)
2026-01-30 00:19:15.661 [Test worker] INFO  o.s.o.j.LocalContainerEntityManagerFactoryBean - Initialized JPA EntityManagerFactory for persistence unit 'default'
2026-01-30 00:19:15.730 [Test worker] INFO  o.s.d.j.r.q.QueryEnhancerFactories - Hibernate is in classpath; If applicable, HQL parser will be used.
2026-01-30 00:19:16.030 [Test worker] WARN  o.s.b.j.a.JpaBaseConfiguration$JpaWebConfiguration - spring.jpa.open-in-view is enabled by default. Therefore, database queries may be performed during view rendering. Explicitly configure spring.jpa.open-in-view to disable this warning
2026-01-30 00:19:16.185 [Test worker] INFO  o.s.s.c.a.a.c.InitializeUserDetailsBeanManagerConfigurer$InitializeUserDetailsManagerConfigurer - Global AuthenticationManager configured with UserDetailsService bean with name userService
2026-01-30 00:19:16.950 [Test worker] INFO  o.s.b.a.e.web.EndpointLinksResolver - Exposing 1 endpoint beneath base path '/actuator'
2026-01-30 00:19:17.009 [Test worker] INFO  c.b.sowa.SowaApplicationTests - Started SowaApplicationTests in 4.64 seconds (process running for 5.689)
2026-01-30 00:19:17.836 [Test worker] WARN  c.berkdagli.sowa.service.NoteService - Unauthorized note access attempt. User: 'test@example.com' tried to access Note ID: '20' owned by User: 'other@example.com'
2026-01-30 00:19:17.954 [SpringApplicationShutdownHook] INFO  o.s.o.j.LocalContainerEntityManagerFactoryBean - Closing JPA EntityManagerFactory for persistence unit 'default'
2026-01-30 00:19:17.961 [SpringApplicationShutdownHook] INFO  com.zaxxer.hikari.HikariDataSource - HikariPool-1 - Shutdown initiated...
2026-01-30 00:19:17.965 [SpringApplicationShutdownHook] INFO  com.zaxxer.hikari.HikariDataSource - HikariPool-1 - Shutdown completed.
2026-01-30 00:21:33.444 [Test worker] INFO  c.b.sowa.SowaApplicationTests - Starting SowaApplicationTests using Java 17.0.17 with PID 41656 (started by kucuk in D:\!lab works\semester_5\SOWA Ruslana\lab10\SOWA)
2026-01-30 00:21:33.446 [Test worker] INFO  c.b.sowa.SowaApplicationTests - No active profile set, falling back to 1 default profile: "default"
2026-01-30 00:21:34.183 [Test worker] INFO  o.s.d.r.c.RepositoryConfigurationDelegate - Bootstrapping Spring Data JPA repositories in DEFAULT mode.
2026-01-30 00:21:34.262 [Test worker] INFO  o.s.d.r.c.RepositoryConfigurationDelegate - Finished Spring Data repository scanning in 52 ms. Found 2 JPA repository interfaces.
2026-01-30 00:21:35.058 [Test worker] INFO  com.zaxxer.hikari.HikariDataSource - HikariPool-1 - Starting...
2026-01-30 00:21:35.198 [Test worker] INFO  com.zaxxer.hikari.pool.HikariPool - HikariPool-1 - Added connection org.sqlite.jdbc4.JDBC4Connection@29ba63f0
2026-01-30 00:21:35.198 [Test worker] INFO  com.zaxxer.hikari.HikariDataSource - HikariPool-1 - Start completed.
2026-01-30 00:21:35.212 [Test worker] INFO  org.flywaydb.core.FlywayExecutor - Database: jdbc:sqlite:sowa.db (SQLite 3.47)
2026-01-30 00:21:35.251 [Test worker] INFO  o.f.core.internal.command.DbValidate - Successfully validated 2 migrations (execution time 00:00.017s)
2026-01-30 00:21:35.255 [Test worker] INFO  o.f.core.internal.command.DbMigrate - Current version of schema "main": 2
2026-01-30 00:21:35.258 [Test worker] INFO  o.f.core.internal.command.DbMigrate - Schema "main" is up to date. No migration necessary.
2026-01-30 00:21:35.336 [Test worker] INFO  o.h.jpa.internal.util.LogHelper - HHH000204: Processing PersistenceUnitInfo [name: default]
2026-01-30 00:21:35.386 [Test worker] INFO  org.hibernate.Version - HHH000412: Hibernate ORM core version 7.1.8.Final
2026-01-30 00:21:35.716 [Test worker] INFO  o.s.o.j.p.SpringPersistenceUnitInfo - No LoadTimeWeaver setup: ignoring JPA class transformer
2026-01-30 00:21:35.771 [Test worker] INFO  o.hibernate.orm.connections.pooling - HHH10001005: Database info:
	Database JDBC URL [jdbc:sqlite:sowa.db]
	Database driver: SQLite JDBC
	Database dialect: SQLiteDialect
	Database version: 3.47.1
	Default catalog/schema: undefined/undefined
	Autocommit mode: undefined/unknown
	Isolation level: SERIALIZABLE [default SERIALIZABLE]
	JDBC fetch size: none
	Pool: DatasourceConnectionProviderImpl
	Minimum pool size: undefined/unknown
	Maximum pool size: undefined/unknown
2026-01-30 00:21:36.369 [Test worker] INFO  o.h.e.t.j.p.i.JtaPlatformInitiator - HHH000489: No JTA platform available (set 'hibernate.transaction.jta.platform' to enable JTA platform integration)
2026-01-30 00:21:36.398 [Test worker] INFO  o.s.o.j.LocalContainerEntityManagerFactoryBean - Initialized JPA EntityManagerFactory for persistence unit 'default'
2026-01-30 00:21:36.477 [Test worker] INFO  o.s.d.j.r.q.QueryEnhancerFactories - Hibernate is in classpath; If applicable, HQL parser will be used.
2026-01-30 00:21:36.747 [Test worker] WARN  o.s.b.j.a.JpaBaseConfiguration$JpaWebConfiguration - spring.jpa.open-in-view is enabled by default. Therefore, database queries may be performed during view rendering. Explicitly configure spring.jpa.open-in-view to disable this warning
2026-01-30 00:21:36.858 [Test worker] INFO  o.s.s.c.a.a.c.InitializeUserDetailsBeanManagerConfigurer$InitializeUserDetailsManagerConfigurer - Global AuthenticationManager configured with UserDetailsService bean with name userService
2026-01-30 00:21:37.661 [Test worker] INFO  o.s.b.a.e.web.EndpointLinksResolver - Exposing 1 endpoint beneath base path '/actuator'
2026-01-30 00:21:37.738 [Test worker] INFO  c.b.sowa.SowaApplicationTests - Started SowaApplicationTests in 4.598 seconds (process running for 5.663)
2026-01-30 00:21:38.564 [Test worker] WARN  c.berkdagli.sowa.service.NoteService - Unauthorized note access attempt. User: 'test@example.com' tried to access Note ID: '20' owned by User: 'other@example.com'
2026-01-30 00:21:38.696 [SpringApplicationShutdownHook] INFO  o.s.o.j.LocalContainerEntityManagerFactoryBean - Closing JPA EntityManagerFactory for persistence unit 'default'
2026-01-30 00:21:38.703 [SpringApplicationShutdownHook] INFO  com.zaxxer.hikari.HikariDataSource - HikariPool-1 - Shutdown initiated...
2026-01-30 00:21:38.707 [SpringApplicationShutdownHook] INFO  com.zaxxer.hikari.HikariDataSource - HikariPool-1 - Shutdown completed.
2026-01-30 00:22:19.368 [Test worker] INFO  c.b.sowa.SowaApplicationTests - Starting SowaApplicationTests using Java 17.0.17 with PID 7888 (started by kucuk in D:\!lab works\semester_5\SOWA Ruslana\lab10\SOWA)
2026-01-30 00:22:19.369 [Test worker] INFO  c.b.sowa.SowaApplicationTests - No active profile set, falling back to 1 default profile: "default"
2026-01-30 00:22:20.134 [Test worker] INFO  o.s.d.r.c.RepositoryConfigurationDelegate - Bootstrapping Spring Data JPA repositories in DEFAULT mode.
2026-01-30 00:22:20.205 [Test worker] INFO  o.s.d.r.c.RepositoryConfigurationDelegate - Finished Spring Data repository scanning in 42 ms. Found 2 JPA repository interfaces.
2026-01-30 00:22:21.045 [Test worker] INFO  com.zaxxer.hikari.HikariDataSource - HikariPool-1 - Starting...
2026-01-30 00:22:21.186 [Test worker] INFO  com.zaxxer.hikari.pool.HikariPool - HikariPool-1 - Added connection org.sqlite.jdbc4.JDBC4Connection@29ba63f0
2026-01-30 00:22:21.188 [Test worker] INFO  com.zaxxer.hikari.HikariDataSource - HikariPool-1 - Start completed.
2026-01-30 00:22:21.206 [Test worker] INFO  org.flywaydb.core.FlywayExecutor - Database: jdbc:sqlite:sowa.db (SQLite 3.47)
2026-01-30 00:22:21.243 [Test worker] INFO  o.f.core.internal.command.DbValidate - Successfully validated 2 migrations (execution time 00:00.016s)
2026-01-30 00:22:21.247 [Test worker] INFO  o.f.core.internal.command.DbMigrate - Current version of schema "main": 2
2026-01-30 00:22:21.249 [Test worker] INFO  o.f.core.internal.command.DbMigrate - Schema "main" is up to date. No migration necessary.
2026-01-30 00:22:21.319 [Test worker] INFO  o.h.jpa.internal.util.LogHelper - HHH000204: Processing PersistenceUnitInfo [name: default]
2026-01-30 00:22:21.365 [Test worker] INFO  org.hibernate.Version - HHH000412: Hibernate ORM core version 7.1.8.Final
2026-01-30 00:22:21.709 [Test worker] INFO  o.s.o.j.p.SpringPersistenceUnitInfo - No LoadTimeWeaver setup: ignoring JPA class transformer
2026-01-30 00:22:21.759 [Test worker] INFO  o.hibernate.orm.connections.pooling - HHH10001005: Database info:
	Database JDBC URL [jdbc:sqlite:sowa.db]
	Database driver: SQLite JDBC
	Database dialect: SQLiteDialect
	Database version: 3.47.1
	Default catalog/schema: undefined/undefined
	Autocommit mode: undefined/unknown
	Isolation level: SERIALIZABLE [default SERIALIZABLE]
	JDBC fetch size: none
	Pool: DatasourceConnectionProviderImpl
	Minimum pool size: undefined/unknown
	Maximum pool size: undefined/unknown
2026-01-30 00:22:22.303 [Test worker] INFO  o.h.e.t.j.p.i.JtaPlatformInitiator - HHH000489: No JTA platform available (set 'hibernate.transaction.jta.platform' to enable JTA platform integration)
2026-01-30 00:22:22.327 [Test worker] INFO  o.s.o.j.LocalContainerEntityManagerFactoryBean - Initialized JPA EntityManagerFactory for persistence unit 'default'
2026-01-30 00:22:22.395 [Test worker] INFO  o.s.d.j.r.q.QueryEnhancerFactories - Hibernate is in classpath; If applicable, HQL parser will be used.
2026-01-30 00:22:22.691 [Test worker] WARN  o.s.b.j.a.JpaBaseConfiguration$JpaWebConfiguration - spring.jpa.open-in-view is enabled by default. Therefore, database queries may be performed during view rendering. Explicitly configure spring.jpa.open-in-view to disable this warning
2026-01-30 00:22:22.805 [Test worker] INFO  o.s.s.c.a.a.c.InitializeUserDetailsBeanManagerConfigurer$InitializeUserDetailsManagerConfigurer - Global AuthenticationManager configured with UserDetailsService bean with name userService
2026-01-30 00:22:23.736 [Test worker] INFO  o.s.b.a.e.web.EndpointLinksResolver - Exposing 1 endpoint beneath base path '/actuator'
2026-01-30 00:22:23.778 [Test worker] INFO  c.b.sowa.SowaApplicationTests - Started SowaApplicationTests in 4.717 seconds (process running for 5.778)
2026-01-30 00:22:24.599 [Test worker] WARN  c.berkdagli.sowa.service.NoteService - Unauthorized note access attempt. User: 'test@example.com' tried to access Note ID: '20' owned by User: 'other@example.com'
2026-01-30 00:22:24.743 [SpringApplicationShutdownHook] INFO  o.s.o.j.LocalContainerEntityManagerFactoryBean - Closing JPA EntityManagerFactory for persistence unit 'default'
2026-01-30 00:22:24.750 [SpringApplicationShutdownHook] INFO  com.zaxxer.hikari.HikariDataSource - HikariPool-1 - Shutdown initiated...
2026-01-30 00:22:24.755 [SpringApplicationShutdownHook] INFO  com.zaxxer.hikari.HikariDataSource - HikariPool-1 - Shutdown completed.
2026-01-30 00:23:07.968 [Test worker] INFO  c.b.sowa.SowaApplicationTests - Starting SowaApplicationTests using Java 17.0.17 with PID 45476 (started by kucuk in D:\!lab works\semester_5\SOWA Ruslana\lab10\SOWA)
2026-01-30 00:23:07.971 [Test worker] INFO  c.b.sowa.SowaApplicationTests - No active profile set, falling back to 1 default profile: "default"
2026-01-30 00:23:08.684 [Test worker] INFO  o.s.d.r.c.RepositoryConfigurationDelegate - Bootstrapping Spring Data JPA repositories in DEFAULT mode.
2026-01-30 00:23:08.740 [Test worker] INFO  o.s.d.r.c.RepositoryConfigurationDelegate - Finished Spring Data repository scanning in 42 ms. Found 2 JPA repository interfaces.
2026-01-30 00:23:09.672 [Test worker] INFO  com.zaxxer.hikari.HikariDataSource - HikariPool-1 - Starting...
2026-01-30 00:23:09.802 [Test worker] INFO  com.zaxxer.hikari.pool.HikariPool - HikariPool-1 - Added connection org.sqlite.jdbc4.JDBC4Connection@434d001d
2026-01-30 00:23:09.803 [Test worker] INFO  com.zaxxer.hikari.HikariDataSource - HikariPool-1 - Start completed.
2026-01-30 00:23:09.815 [Test worker] INFO  org.flywaydb.core.FlywayExecutor - Database: jdbc:sqlite:sowa.db (SQLite 3.47)
2026-01-30 00:23:09.854 [Test worker] INFO  o.f.core.internal.command.DbValidate - Successfully validated 2 migrations (execution time 00:00.018s)
2026-01-30 00:23:09.858 [Test worker] INFO  o.f.core.internal.command.DbMigrate - Current version of schema "main": 2
2026-01-30 00:23:09.861 [Test worker] INFO  o.f.core.internal.command.DbMigrate - Schema "main" is up to date. No migration necessary.
2026-01-30 00:23:09.930 [Test worker] INFO  o.h.jpa.internal.util.LogHelper - HHH000204: Processing PersistenceUnitInfo [name: default]
2026-01-30 00:23:09.973 [Test worker] INFO  org.hibernate.Version - HHH000412: Hibernate ORM core version 7.1.8.Final
2026-01-30 00:23:10.332 [Test worker] INFO  o.s.o.j.p.SpringPersistenceUnitInfo - No LoadTimeWeaver setup: ignoring JPA class transformer
2026-01-30 00:23:10.392 [Test worker] INFO  o.hibernate.orm.connections.pooling - HHH10001005: Database info:
	Database JDBC URL [jdbc:sqlite:sowa.db]
	Database driver: SQLite JDBC
	Database dialect: SQLiteDialect
	Database version: 3.47.1
	Default catalog/schema: undefined/undefined
	Autocommit mode: undefined/unknown
	Isolation level: SERIALIZABLE [default SERIALIZABLE]
	JDBC fetch size: none
	Pool: DatasourceConnectionProviderImpl
	Minimum pool size: undefined/unknown
	Maximum pool size: undefined/unknown
2026-01-30 00:23:10.951 [Test worker] INFO  o.h.e.t.j.p.i.JtaPlatformInitiator - HHH000489: No JTA platform available (set 'hibernate.transaction.jta.platform' to enable JTA platform integration)
2026-01-30 00:23:10.975 [Test worker] INFO  o.s.o.j.LocalContainerEntityManagerFactoryBean - Initialized JPA EntityManagerFactory for persistence unit 'default'
2026-01-30 00:23:11.051 [Test worker] INFO  o.s.d.j.r.q.QueryEnhancerFactories - Hibernate is in classpath; If applicable, HQL parser will be used.
2026-01-30 00:23:11.337 [Test worker] WARN  o.s.b.j.a.JpaBaseConfiguration$JpaWebConfiguration - spring.jpa.open-in-view is enabled by default. Therefore, database queries may be performed during view rendering. Explicitly configure spring.jpa.open-in-view to disable this warning
2026-01-30 00:23:11.447 [Test worker] INFO  o.s.s.c.a.a.c.InitializeUserDetailsBeanManagerConfigurer$InitializeUserDetailsManagerConfigurer - Global AuthenticationManager configured with UserDetailsService bean with name userService
2026-01-30 00:23:12.247 [Test worker] INFO  o.s.b.a.e.web.EndpointLinksResolver - Exposing 1 endpoint beneath base path '/actuator'
2026-01-30 00:23:12.331 [Test worker] INFO  c.b.sowa.SowaApplicationTests - Started SowaApplicationTests in 4.651 seconds (process running for 5.776)
2026-01-30 00:23:13.151 [Test worker] WARN  c.berkdagli.sowa.service.NoteService - Unauthorized note access attempt. User: 'test@example.com' tried to access Note ID: '20' owned by User: 'other@example.com'
2026-01-30 00:23:13.287 [SpringApplicationShutdownHook] INFO  o.s.o.j.LocalContainerEntityManagerFactoryBean - Closing JPA EntityManagerFactory for persistence unit 'default'
2026-01-30 00:23:13.295 [SpringApplicationShutdownHook] INFO  com.zaxxer.hikari.HikariDataSource - HikariPool-1 - Shutdown initiated...
2026-01-30 00:23:13.300 [SpringApplicationShutdownHook] INFO  com.zaxxer.hikari.HikariDataSource - HikariPool-1 - Shutdown completed.
2026-01-30 00:23:58.778 [Test worker] INFO  c.b.sowa.SowaApplicationTests - Starting SowaApplicationTests using Java 17.0.17 with PID 14264 (started by kucuk in D:\!lab works\semester_5\SOWA Ruslana\lab10\SOWA)
2026-01-30 00:23:58.780 [Test worker] INFO  c.b.sowa.SowaApplicationTests - No active profile set, falling back to 1 default profile: "default"
2026-01-30 00:23:59.663 [Test worker] INFO  o.s.d.r.c.RepositoryConfigurationDelegate - Bootstrapping Spring Data JPA repositories in DEFAULT mode.
2026-01-30 00:23:59.748 [Test worker] INFO  o.s.d.r.c.RepositoryConfigurationDelegate - Finished Spring Data repository scanning in 71 ms. Found 2 JPA repository interfaces.
2026-01-30 00:24:00.657 [Test worker] INFO  com.zaxxer.hikari.HikariDataSource - HikariPool-1 - Starting...
2026-01-30 00:24:00.794 [Test worker] INFO  com.zaxxer.hikari.pool.HikariPool - HikariPool-1 - Added connection org.sqlite.jdbc4.JDBC4Connection@134955bb
2026-01-30 00:24:00.795 [Test worker] INFO  com.zaxxer.hikari.HikariDataSource - HikariPool-1 - Start completed.
2026-01-30 00:24:00.810 [Test worker] INFO  org.flywaydb.core.FlywayExecutor - Database: jdbc:sqlite:sowa.db (SQLite 3.47)
2026-01-30 00:24:00.856 [Test worker] INFO  o.f.core.internal.command.DbValidate - Successfully validated 2 migrations (execution time 00:00.021s)
2026-01-30 00:24:00.862 [Test worker] INFO  o.f.core.internal.command.DbMigrate - Current version of schema "main": 2
2026-01-30 00:24:00.864 [Test worker] INFO  o.f.core.internal.command.DbMigrate - Schema "main" is up to date. No migration necessary.
2026-01-30 00:24:00.947 [Test worker] INFO  o.h.jpa.internal.util.LogHelper - HHH000204: Processing PersistenceUnitInfo [name: default]
2026-01-30 00:24:01.014 [Test worker] INFO  org.hibernate.Version - HHH000412: Hibernate ORM core version 7.1.8.Final
2026-01-30 00:24:01.378 [Test worker] INFO  o.s.o.j.p.SpringPersistenceUnitInfo - No LoadTimeWeaver setup: ignoring JPA class transformer
2026-01-30 00:24:01.440 [Test worker] INFO  o.hibernate.orm.connections.pooling - HHH10001005: Database info:
	Database JDBC URL [jdbc:sqlite:sowa.db]
	Database driver: SQLite JDBC
	Database dialect: SQLiteDialect
	Database version: 3.47.1
	Default catalog/schema: undefined/undefined
	Autocommit mode: undefined/unknown
	Isolation level: SERIALIZABLE [default SERIALIZABLE]
	JDBC fetch size: none
	Pool: DatasourceConnectionProviderImpl
	Minimum pool size: undefined/unknown
	Maximum pool size: undefined/unknown
2026-01-30 00:24:01.997 [Test worker] INFO  o.h.e.t.j.p.i.JtaPlatformInitiator - HHH000489: No JTA platform available (set 'hibernate.transaction.jta.platform' to enable JTA platform integration)
2026-01-30 00:24:02.022 [Test worker] INFO  o.s.o.j.LocalContainerEntityManagerFactoryBean - Initialized JPA EntityManagerFactory for persistence unit 'default'
2026-01-30 00:24:02.098 [Test worker] INFO  o.s.d.j.r.q.QueryEnhancerFactories - Hibernate is in classpath; If applicable, HQL parser will be used.
2026-01-30 00:24:02.358 [Test worker] WARN  o.s.b.j.a.JpaBaseConfiguration$JpaWebConfiguration - spring.jpa.open-in-view is enabled by default. Therefore, database queries may be performed during view rendering. Explicitly configure spring.jpa.open-in-view to disable this warning
2026-01-30 00:24:02.476 [Test worker] INFO  o.s.s.c.a.a.c.InitializeUserDetailsBeanManagerConfigurer$InitializeUserDetailsManagerConfigurer - Global AuthenticationManager configured with UserDetailsService bean with name userService
2026-01-30 00:24:03.214 [Test worker] INFO  o.s.b.a.e.web.EndpointLinksResolver - Exposing 1 endpoint beneath base path '/actuator'
2026-01-30 00:24:03.277 [Test worker] INFO  c.b.sowa.SowaApplicationTests - Started SowaApplicationTests in 4.798 seconds (process running for 5.93)
2026-01-30 00:24:04.138 [Test worker] WARN  c.berkdagli.sowa.service.NoteService - Unauthorized note access attempt. User: 'test@example.com' tried to access Note ID: '20' owned by User: 'other@example.com'
2026-01-30 00:24:04.274 [SpringApplicationShutdownHook] INFO  o.s.o.j.LocalContainerEntityManagerFactoryBean - Closing JPA EntityManagerFactory for persistence unit 'default'
2026-01-30 00:24:04.280 [SpringApplicationShutdownHook] INFO  com.zaxxer.hikari.HikariDataSource - HikariPool-1 - Shutdown initiated...
2026-01-30 00:24:04.285 [SpringApplicationShutdownHook] INFO  com.zaxxer.hikari.HikariDataSource - HikariPool-1 - Shutdown completed.
2026-01-30 00:25:50.367 [Test worker] INFO  c.b.sowa.SowaApplicationTests - Starting SowaApplicationTests using Java 17.0.17 with PID 17212 (started by kucuk in D:\!lab works\semester_5\SOWA Ruslana\lab10\SOWA)
2026-01-30 00:25:50.369 [Test worker] INFO  c.b.sowa.SowaApplicationTests - No active profile set, falling back to 1 default profile: "default"
2026-01-30 00:25:51.108 [Test worker] INFO  o.s.d.r.c.RepositoryConfigurationDelegate - Bootstrapping Spring Data JPA repositories in DEFAULT mode.
2026-01-30 00:25:51.176 [Test worker] INFO  o.s.d.r.c.RepositoryConfigurationDelegate - Finished Spring Data repository scanning in 41 ms. Found 2 JPA repository interfaces.
2026-01-30 00:25:51.934 [Test worker] INFO  com.zaxxer.hikari.HikariDataSource - HikariPool-1 - Starting...
2026-01-30 00:25:52.080 [Test worker] INFO  com.zaxxer.hikari.pool.HikariPool - HikariPool-1 - Added connection org.sqlite.jdbc4.JDBC4Connection@608eb42e
2026-01-30 00:25:52.082 [Test worker] INFO  com.zaxxer.hikari.HikariDataSource - HikariPool-1 - Start completed.
2026-01-30 00:25:52.099 [Test worker] INFO  org.flywaydb.core.FlywayExecutor - Database: jdbc:sqlite:sowa.db (SQLite 3.47)
2026-01-30 00:25:52.138 [Test worker] INFO  o.f.core.internal.command.DbValidate - Successfully validated 2 migrations (execution time 00:00.020s)
2026-01-30 00:25:52.144 [Test worker] INFO  o.f.core.internal.command.DbMigrate - Current version of schema "main": 2
2026-01-30 00:25:52.146 [Test worker] INFO  o.f.core.internal.command.DbMigrate - Schema "main" is up to date. No migration necessary.
2026-01-30 00:25:52.269 [Test worker] INFO  o.h.jpa.internal.util.LogHelper - HHH000204: Processing PersistenceUnitInfo [name: default]
2026-01-30 00:25:52.322 [Test worker] INFO  org.hibernate.Version - HHH000412: Hibernate ORM core version 7.1.8.Final
2026-01-30 00:25:52.661 [Test worker] INFO  o.s.o.j.p.SpringPersistenceUnitInfo - No LoadTimeWeaver setup: ignoring JPA class transformer
2026-01-30 00:25:52.710 [Test worker] INFO  o.hibernate.orm.connections.pooling - HHH10001005: Database info:
	Database JDBC URL [jdbc:sqlite:sowa.db]
	Database driver: SQLite JDBC
	Database dialect: SQLiteDialect
	Database version: 3.47.1
	Default catalog/schema: undefined/undefined
	Autocommit mode: undefined/unknown
	Isolation level: SERIALIZABLE [default SERIALIZABLE]
	JDBC fetch size: none
	Pool: DatasourceConnectionProviderImpl
	Minimum pool size: undefined/unknown
	Maximum pool size: undefined/unknown
2026-01-30 00:25:53.270 [Test worker] INFO  o.h.e.t.j.p.i.JtaPlatformInitiator - HHH000489: No JTA platform available (set 'hibernate.transaction.jta.platform' to enable JTA platform integration)
2026-01-30 00:25:53.296 [Test worker] INFO  o.s.o.j.LocalContainerEntityManagerFactoryBean - Initialized JPA EntityManagerFactory for persistence unit 'default'
2026-01-30 00:25:53.362 [Test worker] INFO  o.s.d.j.r.q.QueryEnhancerFactories - Hibernate is in classpath; If applicable, HQL parser will be used.
2026-01-30 00:25:53.650 [Test worker] WARN  o.s.b.j.a.JpaBaseConfiguration$JpaWebConfiguration - spring.jpa.open-in-view is enabled by default. Therefore, database queries may be performed during view rendering. Explicitly configure spring.jpa.open-in-view to disable this warning
2026-01-30 00:25:53.773 [Test worker] INFO  o.s.s.c.a.a.c.InitializeUserDetailsBeanManagerConfigurer$InitializeUserDetailsManagerConfigurer - Global AuthenticationManager configured with UserDetailsService bean with name userService
2026-01-30 00:25:54.535 [Test worker] INFO  o.s.b.a.e.web.EndpointLinksResolver - Exposing 1 endpoint beneath base path '/actuator'
2026-01-30 00:25:54.587 [Test worker] INFO  c.b.sowa.SowaApplicationTests - Started SowaApplicationTests in 4.529 seconds (process running for 5.621)
2026-01-30 00:25:55.389 [Test worker] WARN  c.berkdagli.sowa.service.NoteService - Unauthorized note access attempt. User: 'test@example.com' tried to access Note ID: '20' owned by User: 'other@example.com'
2026-01-30 00:25:55.529 [SpringApplicationShutdownHook] INFO  o.s.o.j.LocalContainerEntityManagerFactoryBean - Closing JPA EntityManagerFactory for persistence unit 'default'
2026-01-30 00:25:55.538 [SpringApplicationShutdownHook] INFO  com.zaxxer.hikari.HikariDataSource - HikariPool-1 - Shutdown initiated...
2026-01-30 00:25:55.542 [SpringApplicationShutdownHook] INFO  com.zaxxer.hikari.HikariDataSource - HikariPool-1 - Shutdown completed.
2026-01-30 00:31:27.911 [Test worker] INFO  c.b.sowa.SowaApplicationTests - Starting SowaApplicationTests using Java 17.0.17 with PID 48724 (started by kucuk in D:\!lab works\semester_5\SOWA Ruslana\lab10\SOWA)
2026-01-30 00:31:27.913 [Test worker] INFO  c.b.sowa.SowaApplicationTests - No active profile set, falling back to 1 default profile: "default"
2026-01-30 00:31:28.763 [Test worker] INFO  o.s.d.r.c.RepositoryConfigurationDelegate - Bootstrapping Spring Data JPA repositories in DEFAULT mode.
2026-01-30 00:31:28.823 [Test worker] INFO  o.s.d.r.c.RepositoryConfigurationDelegate - Finished Spring Data repository scanning in 41 ms. Found 2 JPA repository interfaces.
2026-01-30 00:31:29.716 [Test worker] INFO  com.zaxxer.hikari.HikariDataSource - HikariPool-1 - Starting...
2026-01-30 00:31:29.892 [Test worker] INFO  com.zaxxer.hikari.pool.HikariPool - HikariPool-1 - Added connection org.sqlite.jdbc4.JDBC4Connection@554d040d
2026-01-30 00:31:29.894 [Test worker] INFO  com.zaxxer.hikari.HikariDataSource - HikariPool-1 - Start completed.
2026-01-30 00:31:29.914 [Test worker] INFO  org.flywaydb.core.FlywayExecutor - Database: jdbc:sqlite:sowa.db (SQLite 3.47)
2026-01-30 00:31:29.972 [Test worker] INFO  o.f.core.internal.command.DbValidate - Successfully validated 2 migrations (execution time 00:00.027s)
2026-01-30 00:31:29.981 [Test worker] INFO  o.f.core.internal.command.DbMigrate - Current version of schema "main": 2
2026-01-30 00:31:29.984 [Test worker] INFO  o.f.core.internal.command.DbMigrate - Schema "main" is up to date. No migration necessary.
2026-01-30 00:31:30.091 [Test worker] INFO  o.h.jpa.internal.util.LogHelper - HHH000204: Processing PersistenceUnitInfo [name: default]
2026-01-30 00:31:30.198 [Test worker] INFO  org.hibernate.Version - HHH000412: Hibernate ORM core version 7.1.8.Final
2026-01-30 00:31:30.687 [Test worker] INFO  o.s.o.j.p.SpringPersistenceUnitInfo - No LoadTimeWeaver setup: ignoring JPA class transformer
2026-01-30 00:31:30.757 [Test worker] INFO  o.hibernate.orm.connections.pooling - HHH10001005: Database info:
	Database JDBC URL [jdbc:sqlite:sowa.db]
	Database driver: SQLite JDBC
	Database dialect: SQLiteDialect
	Database version: 3.47.1
	Default catalog/schema: undefined/undefined
	Autocommit mode: undefined/unknown
	Isolation level: SERIALIZABLE [default SERIALIZABLE]
	JDBC fetch size: none
	Pool: DatasourceConnectionProviderImpl
	Minimum pool size: undefined/unknown
	Maximum pool size: undefined/unknown
2026-01-30 00:31:31.551 [Test worker] INFO  o.h.e.t.j.p.i.JtaPlatformInitiator - HHH000489: No JTA platform available (set 'hibernate.transaction.jta.platform' to enable JTA platform integration)
2026-01-30 00:31:31.581 [Test worker] INFO  o.s.o.j.LocalContainerEntityManagerFactoryBean - Initialized JPA EntityManagerFactory for persistence unit 'default'
2026-01-30 00:31:31.688 [Test worker] INFO  o.s.d.j.r.q.QueryEnhancerFactories - Hibernate is in classpath; If applicable, HQL parser will be used.
2026-01-30 00:31:32.128 [Test worker] WARN  o.s.b.j.a.JpaBaseConfiguration$JpaWebConfiguration - spring.jpa.open-in-view is enabled by default. Therefore, database queries may be performed during view rendering. Explicitly configure spring.jpa.open-in-view to disable this warning
2026-01-30 00:31:32.377 [Test worker] INFO  o.s.s.c.a.a.c.InitializeUserDetailsBeanManagerConfigurer$InitializeUserDetailsManagerConfigurer - Global AuthenticationManager configured with UserDetailsService bean with name userService
2026-01-30 00:31:33.538 [Test worker] INFO  o.s.b.a.e.web.EndpointLinksResolver - Exposing 1 endpoint beneath base path '/actuator'
2026-01-30 00:31:33.643 [Test worker] INFO  c.b.sowa.SowaApplicationTests - Started SowaApplicationTests in 6.1 seconds (process running for 7.26)
2026-01-30 00:31:34.783 [Test worker] WARN  c.berkdagli.sowa.service.NoteService - Unauthorized note access attempt. User: 'test@example.com' tried to access Note ID: '20' owned by User: 'other@example.com'
2026-01-30 00:31:34.953 [SpringApplicationShutdownHook] INFO  o.s.o.j.LocalContainerEntityManagerFactoryBean - Closing JPA EntityManagerFactory for persistence unit 'default'
2026-01-30 00:31:34.962 [SpringApplicationShutdownHook] INFO  com.zaxxer.hikari.HikariDataSource - HikariPool-1 - Shutdown initiated...
2026-01-30 00:31:34.969 [SpringApplicationShutdownHook] INFO  com.zaxxer.hikari.HikariDataSource - HikariPool-1 - Shutdown completed.
2026-01-30 00:48:08.016 [Test worker] INFO  c.b.sowa.SowaApplicationTests - Starting SowaApplicationTests using Java 17.0.17 with PID 46536 (started by kucuk in D:\!lab works\semester_5\SOWA Ruslana\lab10\SOWA)
2026-01-30 00:48:08.019 [Test worker] INFO  c.b.sowa.SowaApplicationTests - No active profile set, falling back to 1 default profile: "default"
2026-01-30 00:48:08.815 [Test worker] INFO  o.s.d.r.c.RepositoryConfigurationDelegate - Bootstrapping Spring Data JPA repositories in DEFAULT mode.
2026-01-30 00:48:08.874 [Test worker] INFO  o.s.d.r.c.RepositoryConfigurationDelegate - Finished Spring Data repository scanning in 45 ms. Found 2 JPA repository interfaces.
2026-01-30 00:48:09.716 [Test worker] INFO  com.zaxxer.hikari.HikariDataSource - HikariPool-1 - Starting...
2026-01-30 00:48:09.894 [Test worker] INFO  com.zaxxer.hikari.pool.HikariPool - HikariPool-1 - Added connection org.sqlite.jdbc4.JDBC4Connection@608eb42e
2026-01-30 00:48:09.895 [Test worker] INFO  com.zaxxer.hikari.HikariDataSource - HikariPool-1 - Start completed.
2026-01-30 00:48:09.914 [Test worker] INFO  org.flywaydb.core.FlywayExecutor - Database: jdbc:sqlite:sowa.db (SQLite 3.47)
2026-01-30 00:48:09.964 [Test worker] INFO  o.f.core.internal.command.DbValidate - Successfully validated 2 migrations (execution time 00:00.023s)
2026-01-30 00:48:09.970 [Test worker] INFO  o.f.core.internal.command.DbMigrate - Current version of schema "main": 2
2026-01-30 00:48:09.973 [Test worker] INFO  o.f.core.internal.command.DbMigrate - Schema "main" is up to date. No migration necessary.
2026-01-30 00:48:10.088 [Test worker] INFO  o.h.jpa.internal.util.LogHelper - HHH000204: Processing PersistenceUnitInfo [name: default]
2026-01-30 00:48:10.163 [Test worker] INFO  org.hibernate.Version - HHH000412: Hibernate ORM core version 7.1.8.Final
2026-01-30 00:48:10.658 [Test worker] INFO  o.s.o.j.p.SpringPersistenceUnitInfo - No LoadTimeWeaver setup: ignoring JPA class transformer
2026-01-30 00:48:10.735 [Test worker] INFO  o.hibernate.orm.connections.pooling - HHH10001005: Database info:
	Database JDBC URL [jdbc:sqlite:sowa.db]
	Database driver: SQLite JDBC
	Database dialect: SQLiteDialect
	Database version: 3.47.1
	Default catalog/schema: undefined/undefined
	Autocommit mode: undefined/unknown
	Isolation level: SERIALIZABLE [default SERIALIZABLE]
	JDBC fetch size: none
	Pool: DatasourceConnectionProviderImpl
	Minimum pool size: undefined/unknown
	Maximum pool size: undefined/unknown
2026-01-30 00:48:11.536 [Test worker] INFO  o.h.e.t.j.p.i.JtaPlatformInitiator - HHH000489: No JTA platform available (set 'hibernate.transaction.jta.platform' to enable JTA platform integration)
2026-01-30 00:48:11.569 [Test worker] INFO  o.s.o.j.LocalContainerEntityManagerFactoryBean - Initialized JPA EntityManagerFactory for persistence unit 'default'
2026-01-30 00:48:11.674 [Test worker] INFO  o.s.d.j.r.q.QueryEnhancerFactories - Hibernate is in classpath; If applicable, HQL parser will be used.
2026-01-30 00:48:12.104 [Test worker] WARN  o.s.b.j.a.JpaBaseConfiguration$JpaWebConfiguration - spring.jpa.open-in-view is enabled by default. Therefore, database queries may be performed during view rendering. Explicitly configure spring.jpa.open-in-view to disable this warning
2026-01-30 00:48:12.345 [Test worker] INFO  o.s.s.c.a.a.c.InitializeUserDetailsBeanManagerConfigurer$InitializeUserDetailsManagerConfigurer - Global AuthenticationManager configured with UserDetailsService bean with name userService
2026-01-30 00:48:13.540 [Test worker] INFO  o.s.b.a.e.web.EndpointLinksResolver - Exposing 1 endpoint beneath base path '/actuator'
2026-01-30 00:48:13.626 [Test worker] INFO  c.b.sowa.SowaApplicationTests - Started SowaApplicationTests in 5.951 seconds (process running for 7.078)
2026-01-30 00:48:14.740 [Test worker] WARN  c.berkdagli.sowa.service.NoteService - Unauthorized note access attempt. User: 'test@example.com' tried to access Note ID: '20' owned by User: 'other@example.com'
2026-01-30 00:48:14.920 [SpringApplicationShutdownHook] INFO  o.s.o.j.LocalContainerEntityManagerFactoryBean - Closing JPA EntityManagerFactory for persistence unit 'default'
2026-01-30 00:48:14.930 [SpringApplicationShutdownHook] INFO  com.zaxxer.hikari.HikariDataSource - HikariPool-1 - Shutdown initiated...
2026-01-30 00:48:14.935 [SpringApplicationShutdownHook] INFO  com.zaxxer.hikari.HikariDataSource - HikariPool-1 - Shutdown completed.
2026-01-30 00:48:31.882 [Test worker] INFO  c.b.sowa.SowaApplicationTests - Starting SowaApplicationTests using Java 17.0.17 with PID 38656 (started by kucuk in D:\!lab works\semester_5\SOWA Ruslana\lab10\SOWA)
2026-01-30 00:48:31.884 [Test worker] INFO  c.b.sowa.SowaApplicationTests - No active profile set, falling back to 1 default profile: "default"
2026-01-30 00:48:32.716 [Test worker] INFO  o.s.d.r.c.RepositoryConfigurationDelegate - Bootstrapping Spring Data JPA repositories in DEFAULT mode.
2026-01-30 00:48:32.776 [Test worker] INFO  o.s.d.r.c.RepositoryConfigurationDelegate - Finished Spring Data repository scanning in 45 ms. Found 2 JPA repository interfaces.
2026-01-30 00:48:33.715 [Test worker] INFO  com.zaxxer.hikari.HikariDataSource - HikariPool-1 - Starting...
2026-01-30 00:48:33.848 [Test worker] INFO  com.zaxxer.hikari.pool.HikariPool - HikariPool-1 - Added connection org.sqlite.jdbc4.JDBC4Connection@71687d8f
2026-01-30 00:48:33.850 [Test worker] INFO  com.zaxxer.hikari.HikariDataSource - HikariPool-1 - Start completed.
2026-01-30 00:48:33.863 [Test worker] INFO  org.flywaydb.core.FlywayExecutor - Database: jdbc:sqlite:sowa.db (SQLite 3.47)
2026-01-30 00:48:33.910 [Test worker] INFO  o.f.core.internal.command.DbValidate - Successfully validated 2 migrations (execution time 00:00.022s)
2026-01-30 00:48:33.915 [Test worker] INFO  o.f.core.internal.command.DbMigrate - Current version of schema "main": 2
2026-01-30 00:48:33.918 [Test worker] INFO  o.f.core.internal.command.DbMigrate - Schema "main" is up to date. No migration necessary.
2026-01-30 00:48:34.012 [Test worker] INFO  o.h.jpa.internal.util.LogHelper - HHH000204: Processing PersistenceUnitInfo [name: default]
2026-01-30 00:48:34.067 [Test worker] INFO  org.hibernate.Version - HHH000412: Hibernate ORM core version 7.1.8.Final
2026-01-30 00:48:34.436 [Test worker] INFO  o.s.o.j.p.SpringPersistenceUnitInfo - No LoadTimeWeaver setup: ignoring JPA class transformer
2026-01-30 00:48:34.497 [Test worker] INFO  o.hibernate.orm.connections.pooling - HHH10001005: Database info:
	Database JDBC URL [jdbc:sqlite:sowa.db]
	Database driver: SQLite JDBC
	Database dialect: SQLiteDialect
	Database version: 3.47.1
	Default catalog/schema: undefined/undefined
	Autocommit mode: undefined/unknown
	Isolation level: SERIALIZABLE [default SERIALIZABLE]
	JDBC fetch size: none
	Pool: DatasourceConnectionProviderImpl
	Minimum pool size: undefined/unknown
	Maximum pool size: undefined/unknown
2026-01-30 00:48:35.070 [Test worker] INFO  o.h.e.t.j.p.i.JtaPlatformInitiator - HHH000489: No JTA platform available (set 'hibernate.transaction.jta.platform' to enable JTA platform integration)
2026-01-30 00:48:35.095 [Test worker] INFO  o.s.o.j.LocalContainerEntityManagerFactoryBean - Initialized JPA EntityManagerFactory for persistence unit 'default'
2026-01-30 00:48:35.170 [Test worker] INFO  o.s.d.j.r.q.QueryEnhancerFactories - Hibernate is in classpath; If applicable, HQL parser will be used.
2026-01-30 00:48:35.458 [Test worker] WARN  o.s.b.j.a.JpaBaseConfiguration$JpaWebConfiguration - spring.jpa.open-in-view is enabled by default. Therefore, database queries may be performed during view rendering. Explicitly configure spring.jpa.open-in-view to disable this warning
2026-01-30 00:48:35.587 [Test worker] INFO  o.s.s.c.a.a.c.InitializeUserDetailsBeanManagerConfigurer$InitializeUserDetailsManagerConfigurer - Global AuthenticationManager configured with UserDetailsService bean with name userService
2026-01-30 00:48:36.377 [Test worker] INFO  o.s.b.a.e.web.EndpointLinksResolver - Exposing 1 endpoint beneath base path '/actuator'
2026-01-30 00:48:36.464 [Test worker] INFO  c.b.sowa.SowaApplicationTests - Started SowaApplicationTests in 4.903 seconds (process running for 6.028)
2026-01-30 00:48:37.322 [Test worker] WARN  c.berkdagli.sowa.service.NoteService - Unauthorized note access attempt. User: 'test@example.com' tried to access Note ID: '20' owned by User: 'other@example.com'
2026-01-30 00:48:37.474 [SpringApplicationShutdownHook] INFO  o.s.o.j.LocalContainerEntityManagerFactoryBean - Closing JPA EntityManagerFactory for persistence unit 'default'
2026-01-30 00:48:37.483 [SpringApplicationShutdownHook] INFO  com.zaxxer.hikari.HikariDataSource - HikariPool-1 - Shutdown initiated...
2026-01-30 00:48:37.488 [SpringApplicationShutdownHook] INFO  com.zaxxer.hikari.HikariDataSource - HikariPool-1 - Shutdown completed.
